18:32:03.284 INFO  com.solvd.taxiservice.Main.task16() @38             - Vehicle.xml is valid against Vehicle.xsd
18:32:03.320 INFO  com.solvd.taxiservice.db.stax.parsers.VehicleParser.parse() @58             - Vehicle{id='0', model='Ford', licensePlate='H445He4'}
18:32:03.322 INFO  com.solvd.taxiservice.db.stax.parsers.VehicleParser.parse() @58             - Vehicle{id='0', model='Jeep', licensePlate='ret54r'}
20:05:05.359 INFO  com.solvd.taxiservice.Main.main() @25             - User{id=3, email='temp@gmail.com', profile=Profile{id='3', name='Juanito', phoneNumber='(432)123-1234'}, driverLicense=DriverLicense{id='3', licenseNumber='xd3FH323421', dateOfBirth=1989-12-23, expirationDate=2123-05-01}, vehicle=Vehicle{id='1', model='Ford F150', licensePlate='94ghy6'}, rides=[Ride{id=2, pickUpLocations=' 323 Pineapple st, San Francisco', dropOffLocation='321 orange, Fresno', status=' DONE ', rideType=RideType{id=2, type='luxury', costPerMile=0.9}, reviews=[]}]}
20:14:29.015 INFO  com.solvd.taxiservice.Main.main() @25             - User{id=3, email='temp@gmail.com', profile=Profile{id='3', name='Juanito', phoneNumber='(432)123-1234'}, driverLicense=DriverLicense{id='3', licenseNumber='xd3FH323421', dateOfBirth=1989-12-23, expirationDate=2123-05-01}, vehicle=Vehicle{id='1', model='Ford F150', licensePlate='94ghy6'}, rides=[Ride{id=2, pickUpLocations=' 323 Pineapple st, San Francisco', dropOffLocation='321 orange, Fresno', status=' DONE ', rideType=RideType{id=2, type='luxury', costPerMile=0.9}, reviews=[]}]}
20:21:29.661 INFO  com.solvd.taxiservice.Main.main() @25             - User{id=3, email='temp@gmail.com', profile=Profile{id='3', name='Juanito', phoneNumber='(432)123-1234'}, driverLicense=DriverLicense{id='3', licenseNumber='xd3FH323421', dateOfBirth=1989-12-23, expirationDate=2123-05-01}, vehicle=Vehicle{id='1', model='Ford F150', licensePlate='94ghy6'}, rides=[Ride{id=2, pickUpLocations=' 323 Pineapple st, San Francisco', dropOffLocation='321 orange, Fresno', status=' DONE ', rideType=RideType{id=2, type='luxury', costPerMile=0.9}, reviews=[]}]}
22:24:24.726 INFO  com.solvd.taxiservice.Main.task17() @40             - DriverLicenseJAXB{id=0, licenseNumber='434rwf34wr2g', dateOfBirth=Sat Jun 10 00:00:00 PDT 2023, expirationDate=Sat Jun 10 00:00:00 PDT 2023}
22:35:45.989 INFO  com.solvd.taxiservice.Main.task17() @38             - DriverLicenseJAXB{id=0, licenseNumber='434rwf34wr2g', dateOfBirth=Sat Jun 10 00:00:00 PDT 2023, expirationDate=Sat Jun 10 00:00:00 PDT 2023}
22:36:05.199 INFO  com.solvd.taxiservice.Main.task15() @77             - User{id=3, email='temp@gmail.com', profile=Profile{id='3', name='Juanito', phoneNumber='(432)123-1234'}, driverLicense=DriverLicense{id='3', licenseNumber='xd3FH323421', dateOfBirth=1989-12-23, expirationDate=2123-05-01}, vehicle=Vehicle{id='1', model='Ford F150', licensePlate='94ghy6'}, rides=[Ride{id=2, pickUpLocations=' 323 Pineapple st, San Francisco', dropOffLocation='321 orange, Fresno', status=' DONE ', rideType=RideType{id=2, type='luxury', costPerMile=0.9}, reviews=[]}]}
22:36:05.229 INFO  com.solvd.taxiservice.Main.task15() @89             - [Ride{id=1, pickUpLocations=' 123 apple st, San Francisco', dropOffLocation='321 orange, Fresno', status='in progress', rideType=RideType{id=1, type='standard', costPerMile=0.5}, reviews=[]}]
22:36:05.252 INFO  com.solvd.taxiservice.Main.task15() @95             - Trip{id=1, startTime=2023-06-01T16:29:55, endTime=2023-06-01T16:29:55, distance=22.0, ride=Ride{id=1, pickUpLocations=' 123 apple st, San Francisco', dropOffLocation='321 orange, Fresno', status='in progress', rideType=RideType{id=1, type='standard', costPerMile=0.5}, reviews=[]}, promoCode=PromoCode{id=1, code='TAXI40', discount=0.75, expirationDate=2023-12-30}}
22:36:05.276 INFO  com.solvd.taxiservice.Main.task15() @102             - Invoice{id=0, taxAmount=0.0, totalAmount=0.0, trip=Trip{id=1, startTime=2023-06-01T16:29:55, endTime=2023-06-01T16:29:55, distance=22.0, ride=Ride{id=1, pickUpLocations=' 123 apple st, San Francisco', dropOffLocation='321 orange, Fresno', status='in progress', rideType=RideType{id=1, type='standard', costPerMile=0.5}, reviews=[]}, promoCode=PromoCode{id=1, code='TAXI40', discount=0.75, expirationDate=2023-12-30}}}
22:36:05.300 INFO  com.solvd.taxiservice.Main.task15() @109             - Payment{id=0, paymentStatus='null', paymentMethod=PaymentMethod{id=1, method='Debit', comment='Visa'}, invoice=Invoice{id=0, taxAmount=0.0, totalAmount=0.0, trip=Trip{id=0, startTime=null, endTime=null, distance=0.0, ride=Ride{id=0, pickUpLocations='null', dropOffLocation='null', status='null', rideType=RideType{id=0, type='null', costPerMile=0.0}, reviews=[]}, promoCode=PromoCode{id=0, code='null', discount=0.0, expirationDate=null}}}}
22:36:15.418 ERROR com.solvd.taxiservice.Main.validateXMLSchema() @30             - SAX Exception: schema_reference.4: Failed to read schema document 'file:/C:/Users/gianm/Desktop/taxi_service/taxiservice/src/main/java/com/solvd/taxiservice/db/xml/xsd/Vehicle.xsd', because 1) could not find the document; 2) the document could not be read; 3) the root element of the document is not <xsd:schema>.
22:36:15.435 INFO  com.solvd.taxiservice.Main.task16() @63             - Vehicle.xml is not valid against Vehicle.xsd
22:36:15.463 ERROR com.solvd.taxiservice.db.stax.parsers.VehicleParser.parse() @64             - java.io.FileNotFoundException: src\main\java\com\solvd\taxiservice\db\xml\difXML\Vehicle.xml (The system cannot find the path specified)
22:37:11.704 ERROR com.solvd.taxiservice.Main.validateXMLSchema() @30             - SAX Exception: schema_reference.4: Failed to read schema document 'file:/C:/Users/gianm/Desktop/taxi_service/taxiservice/src/main/java/com/solvd/taxiservice/db/xml/xsd/Vehicle.xsd', because 1) could not find the document; 2) the document could not be read; 3) the root element of the document is not <xsd:schema>.
22:37:11.714 INFO  com.solvd.taxiservice.Main.task16() @63             - Vehicle.xml is not valid against Vehicle.xsd
22:37:11.790 INFO  com.solvd.taxiservice.db.stax.parsers.VehicleParser.parse() @56             - Vehicle{id='0', model='Ford', licensePlate='H445He4'}
22:37:11.791 INFO  com.solvd.taxiservice.db.stax.parsers.VehicleParser.parse() @56             - Vehicle{id='0', model='Jeep', licensePlate='ret54r'}
22:39:04.435 INFO  com.solvd.taxiservice.Main.task16() @61             - Vehicle.xml is valid against Vehicle.xsd
22:39:04.485 INFO  com.solvd.taxiservice.db.stax.parsers.VehicleParser.parse() @56             - Vehicle{id='0', model='Ford', licensePlate='H445He4'}
22:39:04.487 INFO  com.solvd.taxiservice.db.stax.parsers.VehicleParser.parse() @56             - Vehicle{id='0', model='Jeep', licensePlate='ret54r'}
22:40:52.949 INFO  com.solvd.taxiservice.Main.task17() @38             - DriverLicenseJAXB{id=0, licenseNumber='434rwf34wr2g', dateOfBirth=Sat Jun 10 00:00:00 PDT 2023, expirationDate=Sat Jun 10 00:00:00 PDT 2023}
22:40:53.013 INFO  com.solvd.taxiservice.Main.task16() @61             - Vehicle.xml is valid against Vehicle.xsd
22:40:53.066 INFO  com.solvd.taxiservice.db.stax.parsers.VehicleParser.parse() @56             - Vehicle{id='0', model='Ford', licensePlate='H445He4'}
22:40:53.066 INFO  com.solvd.taxiservice.db.stax.parsers.VehicleParser.parse() @56             - Vehicle{id='0', model='Jeep', licensePlate='ret54r'}
22:40:53.624 INFO  com.solvd.taxiservice.Main.task15() @77             - User{id=3, email='temp@gmail.com', profile=Profile{id='3', name='Juanito', phoneNumber='(432)123-1234'}, driverLicense=DriverLicense{id='3', licenseNumber='xd3FH323421', dateOfBirth=1989-12-23, expirationDate=2123-05-01}, vehicle=Vehicle{id='1', model='Ford F150', licensePlate='94ghy6'}, rides=[Ride{id=2, pickUpLocations=' 323 Pineapple st, San Francisco', dropOffLocation='321 orange, Fresno', status=' DONE ', rideType=RideType{id=2, type='luxury', costPerMile=0.9}, reviews=[]}]}
22:40:53.638 INFO  com.solvd.taxiservice.Main.task15() @89             - [Ride{id=1, pickUpLocations=' 123 apple st, San Francisco', dropOffLocation='321 orange, Fresno', status='in progress', rideType=RideType{id=1, type='standard', costPerMile=0.5}, reviews=[]}]
22:40:53.650 INFO  com.solvd.taxiservice.Main.task15() @95             - Trip{id=1, startTime=2023-06-01T16:29:55, endTime=2023-06-01T16:29:55, distance=22.0, ride=Ride{id=1, pickUpLocations=' 123 apple st, San Francisco', dropOffLocation='321 orange, Fresno', status='in progress', rideType=RideType{id=1, type='standard', costPerMile=0.5}, reviews=[]}, promoCode=PromoCode{id=1, code='TAXI40', discount=0.75, expirationDate=2023-12-30}}
22:40:53.664 INFO  com.solvd.taxiservice.Main.task15() @102             - Invoice{id=0, taxAmount=0.0, totalAmount=0.0, trip=Trip{id=1, startTime=2023-06-01T16:29:55, endTime=2023-06-01T16:29:55, distance=22.0, ride=Ride{id=1, pickUpLocations=' 123 apple st, San Francisco', dropOffLocation='321 orange, Fresno', status='in progress', rideType=RideType{id=1, type='standard', costPerMile=0.5}, reviews=[]}, promoCode=PromoCode{id=1, code='TAXI40', discount=0.75, expirationDate=2023-12-30}}}
22:40:53.680 INFO  com.solvd.taxiservice.Main.task15() @109             - Payment{id=0, paymentStatus='null', paymentMethod=PaymentMethod{id=1, method='Debit', comment='Visa'}, invoice=Invoice{id=0, taxAmount=0.0, totalAmount=0.0, trip=Trip{id=0, startTime=null, endTime=null, distance=0.0, ride=Ride{id=0, pickUpLocations='null', dropOffLocation='null', status='null', rideType=RideType{id=0, type='null', costPerMile=0.0}, reviews=[]}, promoCode=PromoCode{id=0, code='null', discount=0.0, expirationDate=null}}}}
22:46:03.004 INFO  com.solvd.taxiservice.Main.task17() @38             - DriverLicenseJAXB{id=0, licenseNumber='434rwf34wr2g', dateOfBirth=Sat Jun 10 00:00:00 PDT 2023, expirationDate=Sat Jun 10 00:00:00 PDT 2023}
