10:59:13.709 INFO  com.solvd.taxiservice.Main.run() @174             - pool-2-thread-1: Get Connection successful.
10:59:13.726 INFO  com.solvd.taxiservice.Main.run() @174             - pool-2-thread-2: Get Connection successful.
10:59:13.743 INFO  com.solvd.taxiservice.Main.lambda$multiThread$0() @189             - pool-2-thread-7: Get Connection successful.
10:59:13.758 INFO  com.solvd.taxiservice.Main.lambda$multiThread$0() @189             - pool-2-thread-6: Get Connection successful.
10:59:13.774 INFO  com.solvd.taxiservice.Main.run() @174             - pool-2-thread-5: Get Connection successful.
10:59:13.797 INFO  com.solvd.taxiservice.Main.run() @174             - pool-2-thread-3: Get Connection successful.
10:59:13.814 INFO  com.solvd.taxiservice.Main.run() @174             - pool-2-thread-4: Get Connection successful.
10:59:14.750 INFO  com.solvd.taxiservice.Main.lambda$multiThread$0() @192             - pool-2-thread-7: Release Connection successful.
10:59:14.765 INFO  com.solvd.taxiservice.Main.lambda$multiThread$0() @192             - pool-2-thread-6: Release Connection successful.
10:59:16.730 INFO  com.solvd.taxiservice.Main.run() @177             - pool-2-thread-1: Release Connection successful.
10:59:16.730 INFO  com.solvd.taxiservice.Main.run() @177             - pool-2-thread-2: Release Connection successful.
10:59:16.777 INFO  com.solvd.taxiservice.Main.run() @177             - pool-2-thread-5: Release Connection successful.
11:06:37.144 INFO  com.solvd.taxiservice.Main.run() @174             - pool-2-thread-1: Get Connection successful.
11:06:37.158 INFO  com.solvd.taxiservice.Main.run() @174             - pool-2-thread-4: Get Connection successful.
11:06:37.172 INFO  com.solvd.taxiservice.Main.run() @174             - pool-2-thread-2: Get Connection successful.
11:06:37.186 INFO  com.solvd.taxiservice.Main.run() @174             - pool-2-thread-3: Get Connection successful.
11:06:37.200 INFO  com.solvd.taxiservice.Main.lambda$multiThread$0() @189             - pool-2-thread-7: Get Connection successful.
11:06:37.214 INFO  com.solvd.taxiservice.Main.lambda$multiThread$0() @189             - pool-2-thread-6: Get Connection successful.
11:06:37.227 INFO  com.solvd.taxiservice.Main.run() @174             - pool-2-thread-5: Get Connection successful.
11:06:38.202 INFO  com.solvd.taxiservice.Main.lambda$multiThread$0() @192             - pool-2-thread-7: Release Connection successful.
11:06:38.217 INFO  com.solvd.taxiservice.Main.lambda$multiThread$0() @192             - pool-2-thread-6: Release Connection successful.
11:06:40.151 INFO  com.solvd.taxiservice.Main.run() @177             - pool-2-thread-1: Release Connection successful.
11:06:40.160 INFO  com.solvd.taxiservice.Main.run() @177             - pool-2-thread-4: Release Connection successful.
11:06:40.174 INFO  com.solvd.taxiservice.Main.run() @177             - pool-2-thread-2: Release Connection successful.
11:07:40.866 INFO  com.solvd.taxiservice.Main.run() @174             - pool-2-thread-5: Get Connection successful.
11:07:40.881 INFO  com.solvd.taxiservice.Main.run() @174             - pool-2-thread-1: Get Connection successful.
11:07:40.895 INFO  com.solvd.taxiservice.Main.run() @174             - pool-2-thread-2: Get Connection successful.
11:07:40.908 INFO  com.solvd.taxiservice.Main.lambda$multiThread$0() @189             - pool-2-thread-7: Get Connection successful.
11:07:40.921 INFO  com.solvd.taxiservice.Main.run() @174             - pool-2-thread-3: Get Connection successful.
11:07:40.934 INFO  com.solvd.taxiservice.Main.lambda$multiThread$0() @189             - pool-2-thread-6: Get Connection successful.
11:07:40.949 INFO  com.solvd.taxiservice.Main.run() @174             - pool-2-thread-4: Get Connection successful.
11:07:41.909 INFO  com.solvd.taxiservice.Main.lambda$multiThread$0() @192             - pool-2-thread-7: Release Connection successful.
11:07:41.940 INFO  com.solvd.taxiservice.Main.lambda$multiThread$0() @192             - pool-2-thread-6: Release Connection successful.
11:07:43.874 INFO  com.solvd.taxiservice.Main.run() @177             - pool-2-thread-5: Release Connection successful.
11:07:43.883 INFO  com.solvd.taxiservice.Main.run() @177             - pool-2-thread-1: Release Connection successful.
11:07:43.896 INFO  com.solvd.taxiservice.Main.run() @177             - pool-2-thread-2: Release Connection successful.
11:08:09.045 INFO  com.solvd.taxiservice.Main.run() @174             - pool-2-thread-1: Get Connection successful.
11:08:09.063 INFO  com.solvd.taxiservice.Main.run() @174             - pool-2-thread-2: Get Connection successful.
11:08:09.080 INFO  com.solvd.taxiservice.Main.lambda$multiThread$0() @189             - pool-2-thread-7: Get Connection successful.
11:08:09.095 INFO  com.solvd.taxiservice.Main.lambda$multiThread$0() @189             - pool-2-thread-6: Get Connection successful.
11:08:09.108 INFO  com.solvd.taxiservice.Main.run() @174             - pool-2-thread-5: Get Connection successful.
11:08:09.122 INFO  com.solvd.taxiservice.Main.run() @174             - pool-2-thread-3: Get Connection successful.
11:08:09.135 INFO  com.solvd.taxiservice.Main.run() @174             - pool-2-thread-4: Get Connection successful.
11:08:10.082 INFO  com.solvd.taxiservice.Main.lambda$multiThread$0() @192             - pool-2-thread-7: Release Connection successful.
11:08:10.097 INFO  com.solvd.taxiservice.Main.lambda$multiThread$0() @192             - pool-2-thread-6: Release Connection successful.
11:08:12.054 INFO  com.solvd.taxiservice.Main.run() @177             - pool-2-thread-1: Release Connection successful.
11:08:12.064 INFO  com.solvd.taxiservice.Main.run() @177             - pool-2-thread-2: Release Connection successful.
11:08:12.110 INFO  com.solvd.taxiservice.Main.run() @177             - pool-2-thread-5: Release Connection successful.
11:08:50.162 INFO  com.solvd.taxiservice.Main.run() @174             - pool-2-thread-4: Get Connection successful.
11:08:50.175 INFO  com.solvd.taxiservice.Main.run() @174             - pool-2-thread-1: Get Connection successful.
11:08:50.190 INFO  com.solvd.taxiservice.Main.lambda$multiThread$0() @189             - pool-2-thread-7: Get Connection successful.
11:08:50.204 INFO  com.solvd.taxiservice.Main.run() @174             - pool-2-thread-2: Get Connection successful.
11:08:50.217 INFO  com.solvd.taxiservice.Main.lambda$multiThread$0() @189             - pool-2-thread-6: Get Connection successful.
11:08:50.230 INFO  com.solvd.taxiservice.Main.run() @174             - pool-2-thread-5: Get Connection successful.
11:08:50.242 INFO  com.solvd.taxiservice.Main.run() @174             - pool-2-thread-3: Get Connection successful.
11:08:51.192 INFO  com.solvd.taxiservice.Main.lambda$multiThread$0() @192             - pool-2-thread-7: Release Connection successful.
11:08:51.219 INFO  com.solvd.taxiservice.Main.lambda$multiThread$0() @192             - pool-2-thread-6: Release Connection successful.
11:08:53.171 INFO  com.solvd.taxiservice.Main.run() @177             - pool-2-thread-4: Release Connection successful.
11:08:53.177 INFO  com.solvd.taxiservice.Main.run() @177             - pool-2-thread-1: Release Connection successful.
11:08:53.206 INFO  com.solvd.taxiservice.Main.run() @177             - pool-2-thread-2: Release Connection successful.
11:12:34.686 INFO  com.solvd.taxiservice.Main.run() @174             - pool-2-thread-1: Get Connection successful.
11:12:34.700 INFO  com.solvd.taxiservice.Main.run() @174             - pool-2-thread-4: Get Connection successful.
11:12:34.715 INFO  com.solvd.taxiservice.Main.lambda$multiThread$0() @189             - pool-2-thread-7: Get Connection successful.
11:12:34.728 INFO  com.solvd.taxiservice.Main.run() @174             - pool-2-thread-2: Get Connection successful.
11:12:34.741 INFO  com.solvd.taxiservice.Main.run() @174             - pool-2-thread-3: Get Connection successful.
11:12:34.754 INFO  com.solvd.taxiservice.Main.lambda$multiThread$0() @189             - pool-2-thread-6: Get Connection successful.
11:12:34.767 INFO  com.solvd.taxiservice.Main.run() @174             - pool-2-thread-5: Get Connection successful.
11:12:35.717 INFO  com.solvd.taxiservice.Main.lambda$multiThread$0() @192             - pool-2-thread-7: Release Connection successful.
11:12:35.760 INFO  com.solvd.taxiservice.Main.lambda$multiThread$0() @192             - pool-2-thread-6: Release Connection successful.
11:12:37.694 INFO  com.solvd.taxiservice.Main.run() @177             - pool-2-thread-1: Release Connection successful.
11:12:37.701 INFO  com.solvd.taxiservice.Main.run() @177             - pool-2-thread-4: Release Connection successful.
11:12:37.729 INFO  com.solvd.taxiservice.Main.run() @177             - pool-2-thread-2: Release Connection successful.
11:16:02.576 INFO  com.solvd.taxiservice.Main.lambda$multiThread$0() @189             - pool-2-thread-4: Get Connection successful.
11:16:02.593 INFO  com.solvd.taxiservice.Main.lambda$multiThread$0() @189             - pool-2-thread-7: Get Connection successful.
11:16:02.610 INFO  com.solvd.taxiservice.Main.lambda$multiThread$0() @189             - pool-2-thread-6: Get Connection successful.
11:16:02.624 INFO  com.solvd.taxiservice.Main.lambda$multiThread$0() @189             - pool-2-thread-2: Get Connection successful.
11:16:02.636 INFO  com.solvd.taxiservice.Main.lambda$multiThread$0() @189             - pool-2-thread-1: Get Connection successful.
11:16:02.651 INFO  com.solvd.taxiservice.Main.lambda$multiThread$0() @189             - pool-2-thread-3: Get Connection successful.
11:16:02.663 INFO  com.solvd.taxiservice.Main.lambda$multiThread$0() @189             - pool-2-thread-5: Get Connection successful.
11:16:03.585 INFO  com.solvd.taxiservice.Main.lambda$multiThread$0() @192             - pool-2-thread-4: Release Connection successful.
11:16:03.594 INFO  com.solvd.taxiservice.Main.lambda$multiThread$0() @192             - pool-2-thread-7: Release Connection successful.
11:16:03.611 INFO  com.solvd.taxiservice.Main.lambda$multiThread$0() @192             - pool-2-thread-6: Release Connection successful.
11:16:03.627 INFO  com.solvd.taxiservice.Main.lambda$multiThread$0() @192             - pool-2-thread-2: Release Connection successful.
11:16:03.638 INFO  com.solvd.taxiservice.Main.lambda$multiThread$0() @192             - pool-2-thread-1: Release Connection successful.
11:39:37.933 INFO  com.solvd.taxiservice.Main.lambda$multiThread$0() @189             - pool-2-thread-4: Get Connection successful.
11:39:37.949 INFO  com.solvd.taxiservice.Main.lambda$multiThread$0() @189             - pool-2-thread-7: Get Connection successful.
11:39:37.965 INFO  com.solvd.taxiservice.Main.lambda$multiThread$0() @189             - pool-2-thread-6: Get Connection successful.
11:39:37.979 INFO  com.solvd.taxiservice.Main.lambda$multiThread$0() @189             - pool-2-thread-2: Get Connection successful.
11:39:37.993 INFO  com.solvd.taxiservice.Main.lambda$multiThread$0() @189             - pool-2-thread-1: Get Connection successful.
11:39:38.008 INFO  com.solvd.taxiservice.Main.lambda$multiThread$0() @189             - pool-2-thread-3: Get Connection successful.
11:39:38.025 INFO  com.solvd.taxiservice.Main.lambda$multiThread$0() @189             - pool-2-thread-5: Get Connection successful.
11:39:38.943 INFO  com.solvd.taxiservice.Main.lambda$multiThread$0() @192             - pool-2-thread-4: Release Connection successful.
11:39:38.951 INFO  com.solvd.taxiservice.Main.lambda$multiThread$0() @192             - pool-2-thread-7: Release Connection successful.
11:39:38.966 INFO  com.solvd.taxiservice.Main.lambda$multiThread$0() @192             - pool-2-thread-6: Release Connection successful.
11:39:38.981 INFO  com.solvd.taxiservice.Main.lambda$multiThread$0() @192             - pool-2-thread-2: Release Connection successful.
11:39:38.994 INFO  com.solvd.taxiservice.Main.lambda$multiThread$0() @192             - pool-2-thread-1: Release Connection successful.
11:42:02.053 INFO  com.solvd.taxiservice.Main.lambda$multiThread$0() @189             - pool-2-thread-5: Get Connection successful.
11:42:02.071 INFO  com.solvd.taxiservice.Main.lambda$multiThread$0() @189             - pool-2-thread-2: Get Connection successful.
11:42:02.086 INFO  com.solvd.taxiservice.Main.lambda$multiThread$0() @189             - pool-2-thread-1: Get Connection successful.
11:42:02.099 INFO  com.solvd.taxiservice.Main.lambda$multiThread$0() @189             - pool-2-thread-3: Get Connection successful.
11:42:02.113 INFO  com.solvd.taxiservice.Main.lambda$multiThread$0() @189             - pool-2-thread-4: Get Connection successful.
11:42:03.063 INFO  com.solvd.taxiservice.Main.lambda$multiThread$0() @192             - pool-2-thread-5: Release Connection successful.
11:42:03.063 INFO  com.solvd.taxiservice.Main.lambda$multiThread$0() @189             - pool-2-thread-6: Get Connection successful.
11:42:03.074 INFO  com.solvd.taxiservice.Main.lambda$multiThread$0() @192             - pool-2-thread-2: Release Connection successful.
11:42:03.080 INFO  com.solvd.taxiservice.Main.lambda$multiThread$0() @189             - pool-2-thread-7: Get Connection successful.
11:42:03.088 INFO  com.solvd.taxiservice.Main.lambda$multiThread$0() @192             - pool-2-thread-1: Release Connection successful.
11:42:03.101 INFO  com.solvd.taxiservice.Main.lambda$multiThread$0() @192             - pool-2-thread-3: Release Connection successful.
11:42:03.115 INFO  com.solvd.taxiservice.Main.lambda$multiThread$0() @192             - pool-2-thread-4: Release Connection successful.
11:42:04.075 INFO  com.solvd.taxiservice.Main.lambda$multiThread$0() @192             - pool-2-thread-6: Release Connection successful.
11:44:02.948 INFO  com.solvd.taxiservice.Main.lambda$multiThread$0() @189             - pool-2-thread-1: Get Connection successful.
11:44:02.967 INFO  com.solvd.taxiservice.Main.lambda$multiThread$0() @189             - pool-2-thread-2: Get Connection successful.
11:44:02.981 INFO  com.solvd.taxiservice.Main.lambda$multiThread$0() @189             - pool-2-thread-7: Get Connection successful.
11:44:02.995 INFO  com.solvd.taxiservice.Main.lambda$multiThread$0() @189             - pool-2-thread-6: Get Connection successful.
11:44:03.007 INFO  com.solvd.taxiservice.Main.lambda$multiThread$0() @189             - pool-2-thread-5: Get Connection successful.
11:44:03.956 INFO  com.solvd.taxiservice.Main.lambda$multiThread$0() @192             - pool-2-thread-1: Release Connection successful.
11:44:03.956 INFO  com.solvd.taxiservice.Main.lambda$multiThread$0() @189             - pool-2-thread-4: Get Connection successful.
11:44:03.968 INFO  com.solvd.taxiservice.Main.lambda$multiThread$0() @192             - pool-2-thread-2: Release Connection successful.
11:44:03.973 INFO  com.solvd.taxiservice.Main.lambda$multiThread$0() @189             - pool-2-thread-3: Get Connection successful.
11:44:03.983 INFO  com.solvd.taxiservice.Main.lambda$multiThread$0() @192             - pool-2-thread-7: Release Connection successful.
11:44:03.996 INFO  com.solvd.taxiservice.Main.lambda$multiThread$0() @192             - pool-2-thread-6: Release Connection successful.
11:44:04.010 INFO  com.solvd.taxiservice.Main.lambda$multiThread$0() @192             - pool-2-thread-5: Release Connection successful.
11:44:04.973 INFO  com.solvd.taxiservice.Main.lambda$multiThread$0() @192             - pool-2-thread-4: Release Connection successful.
11:45:59.963 INFO  com.solvd.taxiservice.Main.lambda$multiThread$0() @189             - pool-2-thread-1: Get Connection successful.
11:45:59.978 INFO  com.solvd.taxiservice.Main.lambda$multiThread$0() @189             - pool-2-thread-5: Get Connection successful.
11:45:59.993 INFO  com.solvd.taxiservice.Main.lambda$multiThread$0() @189             - pool-2-thread-2: Get Connection successful.
11:46:00.007 INFO  com.solvd.taxiservice.Main.lambda$multiThread$0() @189             - pool-2-thread-3: Get Connection successful.
11:46:00.027 INFO  com.solvd.taxiservice.Main.lambda$multiThread$0() @189             - pool-2-thread-7: Get Connection successful.
11:46:00.973 INFO  com.solvd.taxiservice.Main.lambda$multiThread$0() @192             - pool-2-thread-1: Release Connection successful.
11:46:00.973 INFO  com.solvd.taxiservice.Main.lambda$multiThread$0() @189             - pool-2-thread-4: Get Connection successful.
11:46:00.980 INFO  com.solvd.taxiservice.Main.lambda$multiThread$0() @192             - pool-2-thread-5: Release Connection successful.
11:46:00.980 INFO  com.solvd.taxiservice.Main.lambda$multiThread$0() @189             - pool-2-thread-6: Get Connection successful.
11:46:00.995 INFO  com.solvd.taxiservice.Main.lambda$multiThread$0() @192             - pool-2-thread-2: Release Connection successful.
11:46:01.008 INFO  com.solvd.taxiservice.Main.lambda$multiThread$0() @192             - pool-2-thread-3: Release Connection successful.
11:46:01.029 INFO  com.solvd.taxiservice.Main.lambda$multiThread$0() @192             - pool-2-thread-7: Release Connection successful.
11:46:01.980 INFO  com.solvd.taxiservice.Main.lambda$multiThread$0() @192             - pool-2-thread-4: Release Connection successful.
11:46:01.982 INFO  com.solvd.taxiservice.Main.lambda$multiThread$0() @192             - pool-2-thread-6: Release Connection successful.
12:00:22.597 INFO  com.solvd.taxiservice.Main.task16() @67             - Vehicle.xml is valid against Vehicle.xsd
12:00:22.650 INFO  com.solvd.taxiservice.db.stax.parsers.VehicleParser.parse() @56             - Vehicle{id='0', model='Ford', licensePlate='H445He4'}
12:00:22.650 INFO  com.solvd.taxiservice.db.stax.parsers.VehicleParser.parse() @56             - Vehicle{id='0', model='Jeep', licensePlate='ret54r'}
12:00:23.143 INFO  com.solvd.taxiservice.Main.task15() @83             - User{id=3, email='temp@gmail.com', profile=Profile{id='3', name='Juanito', phoneNumber='(432)123-1234'}, driverLicense=DriverLicense{id='3', licenseNumber='xd3FH323421', dateOfBirth=1989-12-23, expirationDate=2123-05-01}, vehicle=Vehicle{id='1', model='Ford F150', licensePlate='94ghy6'}, rides=[Ride{id=2, pickUpLocations=' 323 Pineapple st, San Francisco', dropOffLocation='321 orange, Fresno', status=' DONE ', rideType=RideType{id=2, type='luxury', costPerMile=0.9}, reviews=[]}]}
12:00:23.152 INFO  com.solvd.taxiservice.Main.task15() @95             - [Ride{id=1, pickUpLocations=' 123 apple st, San Francisco', dropOffLocation='321 orange, Fresno', status='in progress', rideType=RideType{id=1, type='standard', costPerMile=0.5}, reviews=[]}]
12:00:23.164 INFO  com.solvd.taxiservice.Main.task15() @101             - Trip{id=1, startTime=2023-06-01T16:29:55, endTime=2023-06-01T16:29:55, distance=22.0, ride=Ride{id=1, pickUpLocations=' 123 apple st, San Francisco', dropOffLocation='321 orange, Fresno', status='in progress', rideType=RideType{id=1, type='standard', costPerMile=0.5}, reviews=[]}, promoCode=PromoCode{id=1, code='TAXI40', discount=0.75, expirationDate=2023-12-30}}
12:00:23.176 INFO  com.solvd.taxiservice.Main.task15() @108             - Invoice{id=0, taxAmount=0.0, totalAmount=0.0, trip=Trip{id=1, startTime=2023-06-01T16:29:55, endTime=2023-06-01T16:29:55, distance=22.0, ride=Ride{id=1, pickUpLocations=' 123 apple st, San Francisco', dropOffLocation='321 orange, Fresno', status='in progress', rideType=RideType{id=1, type='standard', costPerMile=0.5}, reviews=[]}, promoCode=PromoCode{id=1, code='TAXI40', discount=0.75, expirationDate=2023-12-30}}}
12:00:23.188 INFO  com.solvd.taxiservice.Main.task15() @115             - Payment{id=0, paymentStatus='null', paymentMethod=PaymentMethod{id=1, method='Debit', comment='Visa'}, invoice=Invoice{id=0, taxAmount=0.0, totalAmount=0.0, trip=Trip{id=0, startTime=null, endTime=null, distance=0.0, ride=Ride{id=0, pickUpLocations='null', dropOffLocation='null', status='null', rideType=RideType{id=0, type='null', costPerMile=0.0}, reviews=[]}, promoCode=PromoCode{id=0, code='null', discount=0.0, expirationDate=null}}}}
12:01:07.393 INFO  com.solvd.taxiservice.Main.task17() @42             - DriverLicenseJAXB{id=0, licenseNumber='434rwf34wr2g', dateOfBirth=Mon Jun 12 00:00:00 PDT 2023, expirationDate=Mon Jun 12 00:00:00 PDT 2023}
12:12:17.378 INFO  com.solvd.taxiservice.Main.task17() @43             - DriverLicenseJAXB{id=0, licenseNumber='434rwf34wr2g', dateOfBirth=Mon Jun 12 00:00:00 PDT 2023, expirationDate=Mon Jun 12 00:00:00 PDT 2023}
12:12:17.426 INFO  com.solvd.taxiservice.Main.task16() @66             - Vehicle.xml is valid against Vehicle.xsd
12:12:17.469 INFO  com.solvd.taxiservice.db.stax.parsers.VehicleParser.parse() @56             - Vehicle{id='0', model='Ford', licensePlate='H445He4'}
12:12:17.470 INFO  com.solvd.taxiservice.db.stax.parsers.VehicleParser.parse() @56             - Vehicle{id='0', model='Jeep', licensePlate='ret54r'}
12:12:17.945 INFO  com.solvd.taxiservice.Main.task15() @82             - User{id=3, email='temp@gmail.com', profile=Profile{id='3', name='Juanito', phoneNumber='(432)123-1234'}, driverLicense=DriverLicense{id='3', licenseNumber='xd3FH323421', dateOfBirth=1989-12-23, expirationDate=2123-05-01}, vehicle=Vehicle{id='1', model='Ford F150', licensePlate='94ghy6'}, rides=[Ride{id=2, pickUpLocations=' 323 Pineapple st, San Francisco', dropOffLocation='321 orange, Fresno', status=' DONE ', rideType=RideType{id=2, type='luxury', costPerMile=0.9}, reviews=[]}]}
12:12:17.956 INFO  com.solvd.taxiservice.Main.task15() @94             - [Ride{id=1, pickUpLocations=' 123 apple st, San Francisco', dropOffLocation='321 orange, Fresno', status='in progress', rideType=RideType{id=1, type='standard', costPerMile=0.5}, reviews=[]}]
12:12:17.966 INFO  com.solvd.taxiservice.Main.task15() @100             - Trip{id=1, startTime=2023-06-01T16:29:55, endTime=2023-06-01T16:29:55, distance=22.0, ride=Ride{id=1, pickUpLocations=' 123 apple st, San Francisco', dropOffLocation='321 orange, Fresno', status='in progress', rideType=RideType{id=1, type='standard', costPerMile=0.5}, reviews=[]}, promoCode=PromoCode{id=1, code='TAXI40', discount=0.75, expirationDate=2023-12-30}}
12:12:17.977 INFO  com.solvd.taxiservice.Main.task15() @107             - Invoice{id=0, taxAmount=0.0, totalAmount=0.0, trip=Trip{id=1, startTime=2023-06-01T16:29:55, endTime=2023-06-01T16:29:55, distance=22.0, ride=Ride{id=1, pickUpLocations=' 123 apple st, San Francisco', dropOffLocation='321 orange, Fresno', status='in progress', rideType=RideType{id=1, type='standard', costPerMile=0.5}, reviews=[]}, promoCode=PromoCode{id=1, code='TAXI40', discount=0.75, expirationDate=2023-12-30}}}
12:12:17.987 INFO  com.solvd.taxiservice.Main.task15() @114             - Payment{id=0, paymentStatus='null', paymentMethod=PaymentMethod{id=1, method='Debit', comment='Visa'}, invoice=Invoice{id=0, taxAmount=0.0, totalAmount=0.0, trip=Trip{id=0, startTime=null, endTime=null, distance=0.0, ride=Ride{id=0, pickUpLocations='null', dropOffLocation='null', status='null', rideType=RideType{id=0, type='null', costPerMile=0.0}, reviews=[]}, promoCode=PromoCode{id=0, code='null', discount=0.0, expirationDate=null}}}}
12:12:17.988 INFO  com.solvd.taxiservice.Main.lambda$multiThread$0() @171             - pool-2-thread-2: Get Connection successful.
12:12:17.988 INFO  com.solvd.taxiservice.Main.lambda$multiThread$0() @171             - pool-2-thread-1: Get Connection successful.
12:12:17.988 INFO  com.solvd.taxiservice.Main.lambda$multiThread$0() @171             - pool-2-thread-3: Get Connection successful.
12:12:17.988 INFO  com.solvd.taxiservice.Main.lambda$multiThread$0() @171             - pool-2-thread-6: Get Connection successful.
12:12:17.988 INFO  com.solvd.taxiservice.Main.lambda$multiThread$0() @171             - pool-2-thread-5: Get Connection successful.
12:12:18.991 INFO  com.solvd.taxiservice.Main.lambda$multiThread$0() @174             - pool-2-thread-2: Release Connection successful.
12:12:18.991 INFO  com.solvd.taxiservice.Main.lambda$multiThread$0() @174             - pool-2-thread-6: Release Connection successful.
12:12:18.991 INFO  com.solvd.taxiservice.Main.lambda$multiThread$0() @174             - pool-2-thread-5: Release Connection successful.
12:12:18.991 INFO  com.solvd.taxiservice.Main.lambda$multiThread$0() @174             - pool-2-thread-3: Release Connection successful.
12:12:18.991 INFO  com.solvd.taxiservice.Main.lambda$multiThread$0() @174             - pool-2-thread-1: Release Connection successful.
12:12:18.991 INFO  com.solvd.taxiservice.Main.lambda$multiThread$0() @171             - pool-2-thread-7: Get Connection successful.
12:12:18.991 INFO  com.solvd.taxiservice.Main.lambda$multiThread$0() @171             - pool-2-thread-4: Get Connection successful.
12:12:20.000 INFO  com.solvd.taxiservice.Main.lambda$multiThread$0() @174             - pool-2-thread-7: Release Connection successful.
12:12:20.000 INFO  com.solvd.taxiservice.Main.lambda$multiThread$0() @174             - pool-2-thread-4: Release Connection successful.
12:12:37.940 INFO  com.solvd.taxiservice.Main.lambda$multiThread$0() @171             - pool-2-thread-1: Get Connection successful.
12:12:37.955 INFO  com.solvd.taxiservice.Main.lambda$multiThread$0() @171             - pool-2-thread-2: Get Connection successful.
12:12:37.969 INFO  com.solvd.taxiservice.Main.lambda$multiThread$0() @171             - pool-2-thread-7: Get Connection successful.
12:12:37.983 INFO  com.solvd.taxiservice.Main.lambda$multiThread$0() @171             - pool-2-thread-6: Get Connection successful.
12:12:37.996 INFO  com.solvd.taxiservice.Main.lambda$multiThread$0() @171             - pool-2-thread-4: Get Connection successful.
12:12:38.947 INFO  com.solvd.taxiservice.Main.lambda$multiThread$0() @174             - pool-2-thread-1: Release Connection successful.
12:12:38.947 INFO  com.solvd.taxiservice.Main.lambda$multiThread$0() @171             - pool-2-thread-3: Get Connection successful.
12:12:38.957 INFO  com.solvd.taxiservice.Main.lambda$multiThread$0() @174             - pool-2-thread-2: Release Connection successful.
12:12:38.957 INFO  com.solvd.taxiservice.Main.lambda$multiThread$0() @171             - pool-2-thread-5: Get Connection successful.
12:12:38.970 INFO  com.solvd.taxiservice.Main.lambda$multiThread$0() @174             - pool-2-thread-7: Release Connection successful.
12:12:38.984 INFO  com.solvd.taxiservice.Main.lambda$multiThread$0() @174             - pool-2-thread-6: Release Connection successful.
12:12:38.997 INFO  com.solvd.taxiservice.Main.lambda$multiThread$0() @174             - pool-2-thread-4: Release Connection successful.
12:12:39.956 INFO  com.solvd.taxiservice.Main.lambda$multiThread$0() @174             - pool-2-thread-3: Release Connection successful.
12:12:39.972 INFO  com.solvd.taxiservice.Main.lambda$multiThread$0() @174             - pool-2-thread-5: Release Connection successful.
12:12:46.195 INFO  com.solvd.taxiservice.Main.lambda$multiThread$0() @171             - pool-2-thread-1: Get Connection successful.
12:12:46.209 INFO  com.solvd.taxiservice.Main.lambda$multiThread$0() @171             - pool-2-thread-7: Get Connection successful.
12:12:46.224 INFO  com.solvd.taxiservice.Main.lambda$multiThread$0() @171             - pool-2-thread-2: Get Connection successful.
12:12:46.237 INFO  com.solvd.taxiservice.Main.lambda$multiThread$0() @171             - pool-2-thread-6: Get Connection successful.
12:12:46.250 INFO  com.solvd.taxiservice.Main.lambda$multiThread$0() @171             - pool-2-thread-5: Get Connection successful.
12:12:47.202 INFO  com.solvd.taxiservice.Main.lambda$multiThread$0() @174             - pool-2-thread-1: Release Connection successful.
12:12:47.202 INFO  com.solvd.taxiservice.Main.lambda$multiThread$0() @171             - pool-2-thread-3: Get Connection successful.
12:12:47.209 INFO  com.solvd.taxiservice.Main.lambda$multiThread$0() @174             - pool-2-thread-7: Release Connection successful.
12:12:47.209 INFO  com.solvd.taxiservice.Main.lambda$multiThread$0() @171             - pool-2-thread-4: Get Connection successful.
12:12:47.226 INFO  com.solvd.taxiservice.Main.lambda$multiThread$0() @174             - pool-2-thread-2: Release Connection successful.
12:12:47.239 INFO  com.solvd.taxiservice.Main.lambda$multiThread$0() @174             - pool-2-thread-6: Release Connection successful.
12:12:47.251 INFO  com.solvd.taxiservice.Main.lambda$multiThread$0() @174             - pool-2-thread-5: Release Connection successful.
12:12:48.214 INFO  com.solvd.taxiservice.Main.lambda$multiThread$0() @174             - pool-2-thread-4: Release Connection successful.
12:12:48.214 INFO  com.solvd.taxiservice.Main.lambda$multiThread$0() @174             - pool-2-thread-3: Release Connection successful.
12:31:50.413 INFO  com.solvd.taxiservice.Main.lambda$multiThread$0() @171             - pool-2-thread-1: Get Connection successful.
12:31:50.430 INFO  com.solvd.taxiservice.Main.lambda$multiThread$0() @171             - pool-2-thread-3: Get Connection successful.
12:31:50.445 INFO  com.solvd.taxiservice.Main.lambda$multiThread$0() @171             - pool-2-thread-7: Get Connection successful.
12:31:50.460 INFO  com.solvd.taxiservice.Main.lambda$multiThread$0() @171             - pool-2-thread-6: Get Connection successful.
12:31:50.476 INFO  com.solvd.taxiservice.Main.lambda$multiThread$0() @171             - pool-2-thread-5: Get Connection successful.
12:31:51.423 INFO  com.solvd.taxiservice.Main.lambda$multiThread$0() @174             - pool-2-thread-1: Release Connection successful.
12:31:51.423 INFO  com.solvd.taxiservice.Main.lambda$multiThread$0() @171             - pool-2-thread-4: Get Connection successful.
12:31:51.432 INFO  com.solvd.taxiservice.Main.lambda$multiThread$0() @174             - pool-2-thread-3: Release Connection successful.
12:31:51.432 INFO  com.solvd.taxiservice.Main.lambda$multiThread$0() @171             - pool-2-thread-2: Get Connection successful.
12:31:51.446 INFO  com.solvd.taxiservice.Main.lambda$multiThread$0() @174             - pool-2-thread-7: Release Connection successful.
12:31:51.462 INFO  com.solvd.taxiservice.Main.lambda$multiThread$0() @174             - pool-2-thread-6: Release Connection successful.
12:31:51.477 INFO  com.solvd.taxiservice.Main.lambda$multiThread$0() @174             - pool-2-thread-5: Release Connection successful.
12:31:52.438 INFO  com.solvd.taxiservice.Main.lambda$multiThread$0() @174             - pool-2-thread-4: Release Connection successful.
12:31:52.438 INFO  com.solvd.taxiservice.Main.lambda$multiThread$0() @174             - pool-2-thread-2: Release Connection successful.
12:32:18.612 INFO  com.solvd.taxiservice.Main.lambda$multiThread$0() @172             - pool-3-thread-6: Get Connection successful.
12:32:18.626 INFO  com.solvd.taxiservice.Main.lambda$multiThread$0() @172             - pool-3-thread-4: Get Connection successful.
12:32:18.642 INFO  com.solvd.taxiservice.Main.lambda$multiThread$0() @172             - pool-3-thread-5: Get Connection successful.
12:32:18.657 INFO  com.solvd.taxiservice.Main.lambda$multiThread$0() @172             - pool-3-thread-3: Get Connection successful.
12:32:18.672 INFO  com.solvd.taxiservice.Main.lambda$multiThread$0() @172             - pool-3-thread-2: Get Connection successful.
12:32:19.620 INFO  com.solvd.taxiservice.Main.lambda$multiThread$0() @175             - pool-3-thread-6: Release Connection successful.
12:32:19.620 INFO  com.solvd.taxiservice.Main.lambda$multiThread$0() @172             - pool-3-thread-7: Get Connection successful.
12:32:19.629 INFO  com.solvd.taxiservice.Main.lambda$multiThread$0() @175             - pool-3-thread-4: Release Connection successful.
12:32:19.629 INFO  com.solvd.taxiservice.Main.lambda$multiThread$0() @172             - pool-3-thread-1: Get Connection successful.
12:32:19.645 INFO  com.solvd.taxiservice.Main.lambda$multiThread$0() @175             - pool-3-thread-5: Release Connection successful.
12:32:19.645 INFO  com.solvd.taxiservice.Main.lambda$multiThread$0() @172             - pool-2-thread-7: Get Connection successful.
12:32:19.660 INFO  com.solvd.taxiservice.Main.lambda$multiThread$0() @175             - pool-3-thread-3: Release Connection successful.
12:32:19.660 INFO  com.solvd.taxiservice.Main.lambda$multiThread$0() @172             - pool-2-thread-6: Get Connection successful.
12:32:19.675 INFO  com.solvd.taxiservice.Main.lambda$multiThread$0() @175             - pool-3-thread-2: Release Connection successful.
12:32:19.675 INFO  com.solvd.taxiservice.Main.lambda$multiThread$0() @172             - pool-2-thread-5: Get Connection successful.
12:32:20.637 INFO  com.solvd.taxiservice.Main.lambda$multiThread$0() @175             - pool-3-thread-7: Release Connection successful.
12:32:20.637 INFO  com.solvd.taxiservice.Main.lambda$multiThread$0() @175             - pool-3-thread-1: Release Connection successful.
12:32:20.637 INFO  com.solvd.taxiservice.Main.lambda$multiThread$0() @172             - pool-2-thread-1: Get Connection successful.
12:32:20.637 INFO  com.solvd.taxiservice.Main.lambda$multiThread$0() @172             - pool-2-thread-4: Get Connection successful.
12:32:20.654 INFO  com.solvd.taxiservice.Main.lambda$multiThread$0() @175             - pool-2-thread-7: Release Connection successful.
12:32:20.654 INFO  com.solvd.taxiservice.Main.lambda$multiThread$0() @172             - pool-2-thread-2: Get Connection successful.
12:32:20.669 INFO  com.solvd.taxiservice.Main.lambda$multiThread$0() @175             - pool-2-thread-6: Release Connection successful.
12:32:20.669 INFO  com.solvd.taxiservice.Main.lambda$multiThread$0() @172             - pool-2-thread-3: Get Connection successful.
12:32:20.685 INFO  com.solvd.taxiservice.Main.lambda$multiThread$0() @175             - pool-2-thread-5: Release Connection successful.
12:32:21.641 INFO  com.solvd.taxiservice.Main.lambda$multiThread$0() @175             - pool-2-thread-1: Release Connection successful.
12:32:21.641 INFO  com.solvd.taxiservice.Main.lambda$multiThread$0() @175             - pool-2-thread-4: Release Connection successful.
12:32:21.657 INFO  com.solvd.taxiservice.Main.lambda$multiThread$0() @175             - pool-2-thread-2: Release Connection successful.
12:32:21.672 INFO  com.solvd.taxiservice.Main.lambda$multiThread$0() @175             - pool-2-thread-3: Release Connection successful.
12:33:01.155 INFO  com.solvd.taxiservice.Main.lambda$multiThread$0() @173             - pool-2-thread-1: Get Connection successful.
12:33:01.170 INFO  com.solvd.taxiservice.Main.lambda$multiThread$0() @173             - pool-2-thread-2: Get Connection successful.
12:33:01.187 INFO  com.solvd.taxiservice.Main.lambda$multiThread$0() @173             - pool-2-thread-7: Get Connection successful.
12:33:01.200 INFO  com.solvd.taxiservice.Main.lambda$multiThread$0() @173             - pool-2-thread-6: Get Connection successful.
12:33:01.213 INFO  com.solvd.taxiservice.Main.lambda$multiThread$0() @173             - pool-2-thread-5: Get Connection successful.
12:33:01.226 INFO  com.solvd.taxiservice.Main.lambda$multiThread$0() @173             - pool-2-thread-4: Get Connection successful.
12:33:01.239 INFO  com.solvd.taxiservice.Main.lambda$multiThread$0() @173             - pool-2-thread-3: Get Connection successful.
12:33:01.251 INFO  com.solvd.taxiservice.Main.lambda$multiThread$0() @173             - pool-3-thread-7: Get Connection successful.
12:33:02.165 INFO  com.solvd.taxiservice.Main.lambda$multiThread$0() @176             - pool-2-thread-1: Release Connection successful.
12:33:02.165 INFO  com.solvd.taxiservice.Main.lambda$multiThread$0() @173             - pool-3-thread-6: Get Connection successful.
12:33:02.172 INFO  com.solvd.taxiservice.Main.lambda$multiThread$0() @176             - pool-2-thread-2: Release Connection successful.
12:33:02.172 INFO  com.solvd.taxiservice.Main.lambda$multiThread$0() @173             - pool-3-thread-5: Get Connection successful.
12:33:02.189 INFO  com.solvd.taxiservice.Main.lambda$multiThread$0() @176             - pool-2-thread-7: Release Connection successful.
12:33:02.189 INFO  com.solvd.taxiservice.Main.lambda$multiThread$0() @173             - pool-3-thread-4: Get Connection successful.
12:33:02.203 INFO  com.solvd.taxiservice.Main.lambda$multiThread$0() @176             - pool-2-thread-6: Release Connection successful.
12:33:02.203 INFO  com.solvd.taxiservice.Main.lambda$multiThread$0() @173             - pool-3-thread-3: Get Connection successful.
12:33:02.215 INFO  com.solvd.taxiservice.Main.lambda$multiThread$0() @176             - pool-2-thread-5: Release Connection successful.
12:33:02.215 INFO  com.solvd.taxiservice.Main.lambda$multiThread$0() @173             - pool-3-thread-1: Get Connection successful.
12:33:02.243 INFO  com.solvd.taxiservice.Main.lambda$multiThread$0() @176             - pool-2-thread-3: Release Connection successful.
12:33:02.243 INFO  com.solvd.taxiservice.Main.lambda$multiThread$0() @176             - pool-2-thread-4: Release Connection successful.
12:33:02.243 INFO  com.solvd.taxiservice.Main.lambda$multiThread$0() @173             - pool-3-thread-2: Get Connection successful.
12:33:02.259 INFO  com.solvd.taxiservice.Main.lambda$multiThread$0() @176             - pool-3-thread-7: Release Connection successful.
12:33:03.180 INFO  com.solvd.taxiservice.Main.lambda$multiThread$0() @176             - pool-3-thread-5: Release Connection successful.
12:33:03.180 INFO  com.solvd.taxiservice.Main.lambda$multiThread$0() @176             - pool-3-thread-6: Release Connection successful.
12:33:03.196 INFO  com.solvd.taxiservice.Main.lambda$multiThread$0() @176             - pool-3-thread-4: Release Connection successful.
12:34:02.180 INFO  com.solvd.taxiservice.Main.lambda$multiThread$0() @172             - pool-2-thread-1: Get Connection successful.
12:34:02.198 INFO  com.solvd.taxiservice.Main.lambda$multiThread$0() @172             - pool-2-thread-7: Get Connection successful.
12:34:02.213 INFO  com.solvd.taxiservice.Main.lambda$multiThread$0() @172             - pool-2-thread-5: Get Connection successful.
12:34:02.227 INFO  com.solvd.taxiservice.Main.lambda$multiThread$0() @172             - pool-2-thread-6: Get Connection successful.
12:34:02.239 INFO  com.solvd.taxiservice.Main.lambda$multiThread$0() @172             - pool-2-thread-4: Get Connection successful.
12:34:02.255 INFO  com.solvd.taxiservice.Main.lambda$multiThread$0() @172             - pool-2-thread-3: Get Connection successful.
12:34:02.265 INFO  com.solvd.taxiservice.Main.lambda$multiThread$0() @172             - pool-2-thread-2: Get Connection successful.
12:34:03.189 INFO  com.solvd.taxiservice.Main.lambda$multiThread$0() @175             - pool-2-thread-1: Release Connection successful.
12:34:03.189 INFO  com.solvd.taxiservice.Main.lambda$multiThread$0() @172             - pool-3-thread-6: Get Connection successful.
12:34:03.205 INFO  com.solvd.taxiservice.Main.lambda$multiThread$0() @175             - pool-2-thread-7: Release Connection successful.
12:34:03.205 INFO  com.solvd.taxiservice.Main.lambda$multiThread$0() @172             - pool-3-thread-7: Get Connection successful.
12:34:03.220 INFO  com.solvd.taxiservice.Main.lambda$multiThread$0() @175             - pool-2-thread-5: Release Connection successful.
12:34:03.220 INFO  com.solvd.taxiservice.Main.lambda$multiThread$0() @172             - pool-3-thread-5: Get Connection successful.
12:34:03.236 INFO  com.solvd.taxiservice.Main.lambda$multiThread$0() @175             - pool-2-thread-6: Release Connection successful.
12:34:03.236 INFO  com.solvd.taxiservice.Main.lambda$multiThread$0() @172             - pool-3-thread-4: Get Connection successful.
12:34:03.252 INFO  com.solvd.taxiservice.Main.lambda$multiThread$0() @175             - pool-2-thread-4: Release Connection successful.
12:34:03.252 INFO  com.solvd.taxiservice.Main.lambda$multiThread$0() @172             - pool-3-thread-2: Get Connection successful.
12:34:03.263 INFO  com.solvd.taxiservice.Main.lambda$multiThread$0() @175             - pool-2-thread-3: Release Connection successful.
12:34:03.272 INFO  com.solvd.taxiservice.Main.lambda$multiThread$0() @175             - pool-2-thread-2: Release Connection successful.
12:34:03.272 INFO  com.solvd.taxiservice.Main.lambda$multiThread$0() @172             - pool-3-thread-3: Get Connection successful.
12:34:03.272 INFO  com.solvd.taxiservice.Main.lambda$multiThread$0() @172             - pool-3-thread-1: Get Connection successful.
12:34:04.204 INFO  com.solvd.taxiservice.Main.lambda$multiThread$0() @175             - pool-3-thread-6: Release Connection successful.
12:35:50.127 INFO  com.solvd.taxiservice.Main.lambda$multiThread$0() @172             - pool-2-thread-1: Get Connection successful.
12:35:50.141 INFO  com.solvd.taxiservice.Main.lambda$multiThread$0() @172             - pool-2-thread-2: Get Connection successful.
12:35:50.157 INFO  com.solvd.taxiservice.Main.lambda$multiThread$0() @172             - pool-2-thread-7: Get Connection successful.
12:35:50.170 INFO  com.solvd.taxiservice.Main.lambda$multiThread$0() @172             - pool-2-thread-6: Get Connection successful.
12:35:50.183 INFO  com.solvd.taxiservice.Main.lambda$multiThread$0() @172             - pool-2-thread-4: Get Connection successful.
12:35:50.196 INFO  com.solvd.taxiservice.Main.lambda$multiThread$0() @172             - pool-2-thread-5: Get Connection successful.
12:35:50.209 INFO  com.solvd.taxiservice.Main.lambda$multiThread$0() @172             - pool-2-thread-3: Get Connection successful.
12:35:51.136 INFO  com.solvd.taxiservice.Main.lambda$multiThread$0() @175             - pool-2-thread-1: Release Connection successful.
12:35:51.143 INFO  com.solvd.taxiservice.Main.lambda$multiThread$0() @175             - pool-2-thread-2: Release Connection successful.
12:35:51.159 INFO  com.solvd.taxiservice.Main.lambda$multiThread$0() @175             - pool-2-thread-7: Release Connection successful.
12:35:51.173 INFO  com.solvd.taxiservice.Main.lambda$multiThread$0() @175             - pool-2-thread-6: Release Connection successful.
12:35:51.185 INFO  com.solvd.taxiservice.Main.lambda$multiThread$0() @175             - pool-2-thread-4: Release Connection successful.
12:36:41.457 INFO  com.solvd.taxiservice.Main.lambda$multiThread$0() @172             - pool-2-thread-3: Get Connection successful.
12:36:41.473 INFO  com.solvd.taxiservice.Main.lambda$multiThread$0() @172             - pool-2-thread-6: Get Connection successful.
12:36:41.489 INFO  com.solvd.taxiservice.Main.lambda$multiThread$0() @172             - pool-2-thread-7: Get Connection successful.
12:36:41.503 INFO  com.solvd.taxiservice.Main.lambda$multiThread$0() @172             - pool-2-thread-1: Get Connection successful.
12:36:41.518 INFO  com.solvd.taxiservice.Main.lambda$multiThread$0() @172             - pool-2-thread-2: Get Connection successful.
12:36:42.466 INFO  com.solvd.taxiservice.Main.lambda$multiThread$0() @175             - pool-2-thread-3: Release Connection successful.
12:36:42.466 INFO  com.solvd.taxiservice.Main.lambda$multiThread$0() @172             - pool-2-thread-4: Get Connection successful.
12:36:42.475 INFO  com.solvd.taxiservice.Main.lambda$multiThread$0() @175             - pool-2-thread-6: Release Connection successful.
12:36:42.475 INFO  com.solvd.taxiservice.Main.lambda$multiThread$0() @172             - pool-2-thread-5: Get Connection successful.
12:36:42.491 INFO  com.solvd.taxiservice.Main.lambda$multiThread$0() @175             - pool-2-thread-7: Release Connection successful.
12:36:42.505 INFO  com.solvd.taxiservice.Main.lambda$multiThread$0() @175             - pool-2-thread-1: Release Connection successful.
12:36:42.520 INFO  com.solvd.taxiservice.Main.lambda$multiThread$0() @175             - pool-2-thread-2: Release Connection successful.
12:36:43.482 INFO  com.solvd.taxiservice.Main.lambda$multiThread$0() @175             - pool-2-thread-5: Release Connection successful.
12:36:43.482 INFO  com.solvd.taxiservice.Main.lambda$multiThread$0() @175             - pool-2-thread-4: Release Connection successful.
12:37:33.986 INFO  com.solvd.taxiservice.Main.lambda$multiThread$0() @172             - pool-2-thread-1: Get Connection successful.
12:37:34.001 INFO  com.solvd.taxiservice.Main.lambda$multiThread$0() @172             - pool-2-thread-2: Get Connection successful.
12:37:34.015 INFO  com.solvd.taxiservice.Main.lambda$multiThread$0() @172             - pool-2-thread-7: Get Connection successful.
12:37:34.029 INFO  com.solvd.taxiservice.Main.lambda$multiThread$0() @172             - pool-2-thread-6: Get Connection successful.
12:37:34.042 INFO  com.solvd.taxiservice.Main.lambda$multiThread$0() @172             - pool-2-thread-5: Get Connection successful.
12:37:34.994 INFO  com.solvd.taxiservice.Main.lambda$multiThread$0() @175             - pool-2-thread-1: Release Connection successful.
12:37:34.994 INFO  com.solvd.taxiservice.Main.lambda$multiThread$0() @172             - pool-2-thread-4: Get Connection successful.
12:37:35.002 INFO  com.solvd.taxiservice.Main.lambda$multiThread$0() @175             - pool-2-thread-2: Release Connection successful.
12:37:35.002 INFO  com.solvd.taxiservice.Main.lambda$multiThread$0() @172             - pool-2-thread-3: Get Connection successful.
12:37:35.017 INFO  com.solvd.taxiservice.Main.lambda$multiThread$0() @172             - pool-2-thread-1: Get Connection successful.
12:37:35.017 INFO  com.solvd.taxiservice.Main.lambda$multiThread$0() @175             - pool-2-thread-7: Release Connection successful.
12:37:35.031 INFO  com.solvd.taxiservice.Main.lambda$multiThread$0() @172             - pool-2-thread-2: Get Connection successful.
12:37:35.031 INFO  com.solvd.taxiservice.Main.lambda$multiThread$0() @175             - pool-2-thread-6: Release Connection successful.
12:37:35.044 INFO  com.solvd.taxiservice.Main.lambda$multiThread$0() @175             - pool-2-thread-5: Release Connection successful.
12:37:35.044 INFO  com.solvd.taxiservice.Main.lambda$multiThread$0() @172             - pool-2-thread-7: Get Connection successful.
12:37:35.997 INFO  com.solvd.taxiservice.Main.lambda$multiThread$0() @175             - pool-2-thread-4: Release Connection successful.
12:37:36.005 INFO  com.solvd.taxiservice.Main.lambda$multiThread$0() @175             - pool-2-thread-3: Release Connection successful.
12:37:36.023 INFO  com.solvd.taxiservice.Main.lambda$multiThread$0() @175             - pool-2-thread-1: Release Connection successful.
12:37:36.039 INFO  com.solvd.taxiservice.Main.lambda$multiThread$0() @175             - pool-2-thread-2: Release Connection successful.
12:37:36.055 INFO  com.solvd.taxiservice.Main.lambda$multiThread$0() @175             - pool-2-thread-7: Release Connection successful.
12:39:00.556 INFO  com.solvd.taxiservice.Main.task17() @44             - DriverLicenseJAXB{id=0, licenseNumber='434rwf34wr2g', dateOfBirth=Mon Jun 12 00:00:00 PDT 2023, expirationDate=Mon Jun 12 00:00:00 PDT 2023}
15:22:10.512 ERROR com.solvd.taxiservice.Main.task17() @49             - javax.xml.bind.JAXBException: class com.solvd.taxiservice.db.jaxb.UserJAXB nor any of its super class is known to this context.
15:23:05.545 INFO  com.solvd.taxiservice.Main.task17() @46             - com.solvd.taxiservice.db.jaxb.UserJAXB@63611043
15:23:25.240 INFO  com.solvd.taxiservice.Main.task17() @46             - UserJAXB{id=0, name='john', email='null', driverLicenseJAXB=DriverLicenseJAXB{id=0, licenseNumber='null', dateOfBirth=Mon Jun 12 15:23:25 PDT 2023, expirationDate=Mon Jun 12 15:23:25 PDT 2023}}
15:25:10.187 INFO  com.solvd.taxiservice.Main.task17() @47             - UserJAXB{id=0, name='john', email='email@gmali.com', driverLicenseJAXB=DriverLicenseJAXB{id=0, licenseNumber='null', dateOfBirth=Mon Jun 12 15:25:10 PDT 2023, expirationDate=Mon Jun 12 15:25:10 PDT 2023}}
15:25:59.803 INFO  com.solvd.taxiservice.Main.task17() @47             - UserJAXB{id=0, name='john', email='email@gmali.com', driverLicenseJAXB=DriverLicenseJAXB{id=0, licenseNumber='434rwf34wr2g', dateOfBirth=Mon Jun 12 00:00:00 PDT 2023, expirationDate=Mon Jun 12 00:00:00 PDT 2023}}
15:40:09.543 ERROR com.solvd.taxiservice.Main.task17() @65             - javax.xml.bind.JAXBException: class com.solvd.taxiservice.db.jaxb.ManyUsersJAXB nor any of its super class is known to this context.
15:41:19.984 ERROR com.solvd.taxiservice.Main.task17() @65             - javax.xml.bind.JAXBException: class com.solvd.taxiservice.db.jaxb.ManyUsersJAXB nor any of its super class is known to this context.
15:46:59.919 ERROR com.solvd.taxiservice.Main.task17() @64             - javax.xml.bind.UnmarshalException: unexpected element (uri:"", local:"users"). Expected elements are <{}driverLicense>,<{}user>
15:49:56.296 INFO  com.solvd.taxiservice.Main.task17() @61             - ManyUsersJAXB{users=[UserJAXB{id=0, name='john', email='email@gmali.com', driverLicenseJAXB=DriverLicenseJAXB{id=0, licenseNumber='434rwf34wr2g', dateOfBirth=Mon Jun 12 00:00:00 PDT 2023, expirationDate=Mon Jun 12 00:00:00 PDT 2023}}, UserJAXB{id=0, name='juanito', email='yeah@gmali.com', driverLicenseJAXB=DriverLicenseJAXB{id=0, licenseNumber='434rwf34wr2g', dateOfBirth=Mon Jun 12 00:00:00 PDT 2023, expirationDate=Mon Jun 12 00:00:00 PDT 2023}}, UserJAXB{id=0, name='jj', email='jj@gmali.com', driverLicenseJAXB=DriverLicenseJAXB{id=0, licenseNumber='434rwf34wr2g', dateOfBirth=Mon Jun 12 00:00:00 PDT 2023, expirationDate=Mon Jun 12 00:00:00 PDT 2023}}]}
15:56:51.570 INFO  com.solvd.taxiservice.Main.task17() @61             - ManyUsersJAXB{users=[UserJAXB{id=0, name='johnny', email='email@gmali.com', driverLicenseJAXB=DriverLicenseJAXB{id=0, licenseNumber='434rwf34wr2g', dateOfBirth=Mon Jun 12 00:00:00 PDT 2023, expirationDate=Mon Jun 12 00:00:00 PDT 2023}}, UserJAXB{id=0, name='juanito', email='yeah@gmali.com', driverLicenseJAXB=DriverLicenseJAXB{id=0, licenseNumber='434rwf34wr2g', dateOfBirth=Mon Jun 12 00:00:00 PDT 2023, expirationDate=Mon Jun 12 00:00:00 PDT 2023}}, UserJAXB{id=0, name='jj', email='jj@gmali.com', driverLicenseJAXB=DriverLicenseJAXB{id=0, licenseNumber='434rwf34wr2g', dateOfBirth=Mon Jun 12 00:00:00 PDT 2023, expirationDate=Mon Jun 12 00:00:00 PDT 2023}}]}
