16:20:22.021 INFO  com.solvd.taxiservice.db.model.Profile.executeQuery() @30             - Profile created successfully.
16:29:16.922 INFO  com.solvd.taxiservice.db.model.Profile.executeQuery() @32             - No rows affected
16:32:03.557 INFO  com.solvd.taxiservice.db.model.Profile.executeQuery() @30             - 1 row affected in Profile table.
16:33:36.681 INFO  com.solvd.taxiservice.db.model.Profile.executeQuery() @32             - No rows affected
16:34:06.008 INFO  com.solvd.taxiservice.db.model.Profile.executeQuery() @30             - 1 row affected in Profile table.
17:00:51.539 ERROR com.solvd.taxiservice.db.model.Profile.getQuery() @74             - java.sql.SQLException: Can not issue executeUpdate() or executeLargeUpdate() with statements that produce result sets
18:00:50.651 INFO  com.solvd.taxiservice.db.model.DriverLicense.executeQuery() @31             - 1 row affected in Driver License table.
18:04:39.202 INFO  com.solvd.taxiservice.db.model.DriverLicense.executeQuery() @31             - 1 row affected in Driver License table.
18:09:14.650 INFO  com.solvd.taxiservice.db.model.DriverLicense.executeQuery() @33             - No rows affected in Driver Licenses table
18:09:45.583 INFO  com.solvd.taxiservice.db.model.DriverLicense.executeQuery() @31             - 1 row affected in Driver License table.
18:26:54.431 INFO  com.solvd.taxiservice.db.model.Vehicle.executeQuery() @29             - 1 row affected in Vehicle table.
18:26:54.443 INFO  com.solvd.taxiservice.db.model.Vehicle.executeQuery() @29             - 1 row affected in Vehicle table.
18:26:54.456 ERROR com.solvd.taxiservice.db.model.Vehicle.executeQuery() @35             - java.sql.SQLIntegrityConstraintViolationException: Cannot delete or update a parent row: a foreign key constraint fails (`solvd_taxi_service`.`users`, CONSTRAINT `fk_User_Vehicle1` FOREIGN KEY (`vehicle_id`) REFERENCES `vehicles` (`id`))
18:31:21.141 INFO  com.solvd.taxiservice.db.model.Vehicle.executeQuery() @29             - 1 row affected in Vehicle table.
18:31:21.153 INFO  com.solvd.taxiservice.db.model.Vehicle.executeQuery() @29             - 1 row affected in Vehicle table.
18:33:03.385 INFO  com.solvd.taxiservice.db.model.Vehicle.executeQuery() @29             - 1 row affected in Vehicle table.
18:33:59.831 INFO  com.solvd.taxiservice.Main.main() @24             - User{id=3, email='jjjj@gmail.com', profile=Profile{id='3', name='Juanito', phoneNumber='(432)123-1234'}, driverLicense=DriverLicense{id='3', licenseNumber='xd3FH323421', dateOfBirth=1989-12-23, expirationDate=2123-05-01}, vehicle=Vehicle{id='1', model='Ford F150', licensePlate='94ghy6'}, rides=[Ride{id=2, pickUpLocations=' 323 Pineapple st, San Francisco', dropOffLocation='321 orange, Fresno', status=' DONE ', rideType=RideType{id=2, type='luxury', costPerMile=0.9}, reviews=[]}]}
18:33:59.850 INFO  com.solvd.taxiservice.Main.main() @28             - User{id=2, email='asdfa@gmail.com', profile=Profile{id='2', name='Fredy', phoneNumber='(222)222-2222'}, driverLicense=DriverLicense{id='2', licenseNumber='Q678dede4', dateOfBirth=1889-12-23, expirationDate=2024-05-01}, vehicle=Vehicle{id='1', model='Ford F150', licensePlate='94ghy6'}, rides=[Ride{id=1, pickUpLocations=' 123 apple st, San Francisco', dropOffLocation='321 orange, Fresno', status=' DONE ', rideType=RideType{id=1, type='standard', costPerMile=0.5}, reviews=[Review{id=1, rating=4, comment=' good ride'}, Review{id=2, rating=4, comment=' greate ride'}]}]}
18:33:59.861 INFO  com.solvd.taxiservice.Main.main() @37             - [Ride{id=1, pickUpLocations=' 123 apple st, San Francisco', dropOffLocation='321 orange, Fresno', status=' DONE ', rideType=RideType{id=1, type='standard', costPerMile=0.5}, reviews=[Review{id=1, rating=4, comment=' good ride'}, Review{id=2, rating=4, comment=' greate ride'}]}]
18:33:59.877 INFO  com.solvd.taxiservice.Main.main() @43             - Trip{id=1, startTime=2023-06-01T16:29:55, endTime=2023-06-01T16:29:55, distance=22.0, ride=Ride{id=1, pickUpLocations=' 123 apple st, San Francisco', dropOffLocation='321 orange, Fresno', status=' DONE ', rideType=RideType{id=1, type='standard', costPerMile=0.5}, reviews=[Review{id=1, rating=4, comment=' good ride'}, Review{id=2, rating=4, comment=' greate ride'}]}, promoCode=PromoCode{id=1, code='TAXI40', discount=0.75, expirationDate=2023-12-30}}
18:33:59.894 INFO  com.solvd.taxiservice.Main.main() @50             - Invoice{id=1, taxAmount=4.23, totalAmount=55.43, trip=Trip{id=1, startTime=2023-06-01T16:29:55, endTime=2023-06-01T16:29:55, distance=22.0, ride=Ride{id=1, pickUpLocations=' 123 apple st, San Francisco', dropOffLocation='321 orange, Fresno', status=' DONE ', rideType=RideType{id=1, type='standard', costPerMile=0.5}, reviews=[Review{id=1, rating=4, comment=' good ride'}, Review{id=2, rating=4, comment=' greate ride'}]}, promoCode=PromoCode{id=1, code='TAXI40', discount=0.75, expirationDate=2023-12-30}}}
18:41:57.754 INFO  com.solvd.taxiservice.Main.main() @24             - User{id=3, email='jjjj@gmail.com', profile=Profile{id='3', name='Juanito', phoneNumber='(432)123-1234'}, driverLicense=DriverLicense{id='3', licenseNumber='xd3FH323421', dateOfBirth=1989-12-23, expirationDate=2123-05-01}, vehicle=Vehicle{id='1', model='Ford F150', licensePlate='94ghy6'}, rides=[Ride{id=2, pickUpLocations=' 323 Pineapple st, San Francisco', dropOffLocation='321 orange, Fresno', status=' DONE ', rideType=RideType{id=2, type='luxury', costPerMile=0.9}, reviews=[]}]}
18:41:57.775 INFO  com.solvd.taxiservice.Main.main() @28             - User{id=2, email='asdfa@gmail.com', profile=Profile{id='2', name='Fredy', phoneNumber='(222)222-2222'}, driverLicense=DriverLicense{id='2', licenseNumber='Q678dede4', dateOfBirth=1889-12-23, expirationDate=2024-05-01}, vehicle=Vehicle{id='1', model='Ford F150', licensePlate='94ghy6'}, rides=[Ride{id=1, pickUpLocations=' 123 apple st, San Francisco', dropOffLocation='321 orange, Fresno', status=' DONE ', rideType=RideType{id=1, type='standard', costPerMile=0.5}, reviews=[Review{id=1, rating=4, comment=' good ride'}, Review{id=2, rating=4, comment=' greate ride'}]}]}
19:26:22.767 INFO  com.solvd.taxiservice.db.model.DriverLicense.createDL() @135             - License created successfully.
19:26:22.782 INFO  com.solvd.taxiservice.db.model.Vehicle.createVehicle() @130             - Vehicle created successfully.
19:26:22.782 INFO  com.solvd.taxiservice.db.model.Profile.createProfile() @147             - Profile created successfully.
19:26:22.804 ERROR com.solvd.taxiservice.db.model.User.executeQuery() @37             - java.sql.SQLSyntaxErrorException: Unknown column 'driver_license' in 'field list'
19:29:31.272 INFO  com.solvd.taxiservice.db.model.DriverLicense.createDL() @135             - License created successfully.
19:29:31.297 INFO  com.solvd.taxiservice.db.model.Vehicle.createVehicle() @130             - Vehicle created successfully.
19:29:31.301 INFO  com.solvd.taxiservice.db.model.Profile.createProfile() @147             - Profile created successfully.
19:29:31.315 ERROR com.solvd.taxiservice.db.model.User.executeQuery() @37             - java.sql.SQLSyntaxErrorException: Unknown column 'driver_license' in 'field list'
19:50:05.661 INFO  com.solvd.taxiservice.db.model.DriverLicense.createDL() @135             - License created successfully.
19:50:05.678 INFO  com.solvd.taxiservice.db.model.Vehicle.createVehicle() @130             - Vehicle created successfully.
19:50:05.681 INFO  com.solvd.taxiservice.db.model.Profile.createProfile() @147             - Profile created successfully.
19:50:05.690 ERROR com.solvd.taxiservice.db.model.User.executeQuery() @37             - java.sql.SQLSyntaxErrorException: Unknown column 'driver_license' in 'field list'
19:50:57.549 INFO  com.solvd.taxiservice.db.model.DriverLicense.createDL() @135             - License created successfully.
19:50:57.567 INFO  com.solvd.taxiservice.db.model.Vehicle.createVehicle() @130             - Vehicle created successfully.
19:50:57.570 INFO  com.solvd.taxiservice.db.model.Profile.createProfile() @147             - Profile created successfully.
19:50:57.575 INFO  com.solvd.taxiservice.db.model.User.executeQuery() @31             - 1 row affected in User table.
20:02:58.871 INFO  com.solvd.taxiservice.Main.main() @26             - User{id=3, email='jjjj@gmail.com', profile=Profile{id='3', name='Juanito', phoneNumber='(432)123-1234'}, driverLicense=DriverLicense{id='3', licenseNumber='xd3FH323421', dateOfBirth=1989-12-23, expirationDate=2123-05-01}, vehicle=Vehicle{id='1', model='Ford F150', licensePlate='94ghy6'}, rides=[Ride{id=2, pickUpLocations=' 323 Pineapple st, San Francisco', dropOffLocation='321 orange, Fresno', status=' DONE ', rideType=RideType{id=2, type='luxury', costPerMile=0.9}, reviews=[]}]}
20:02:58.894 INFO  com.solvd.taxiservice.Main.main() @30             - User{id=2, email='asdfa@gmail.com', profile=Profile{id='2', name='Fredy', phoneNumber='(222)222-2222'}, driverLicense=DriverLicense{id='2', licenseNumber='Q678dede4', dateOfBirth=1889-12-23, expirationDate=2024-05-01}, vehicle=Vehicle{id='1', model='Ford F150', licensePlate='94ghy6'}, rides=[Ride{id=1, pickUpLocations=' 123 apple st, San Francisco', dropOffLocation='321 orange, Fresno', status=' DONE ', rideType=RideType{id=1, type='standard', costPerMile=0.5}, reviews=[Review{id=1, rating=4, comment=' good ride'}, Review{id=2, rating=4, comment=' greate ride'}]}]}
20:10:23.047 INFO  com.solvd.taxiservice.Main.main() @26             - User{id=3, email='jjjj@gmail.com', profile=Profile{id='3', name='Juanito', phoneNumber='(432)123-1234'}, driverLicense=DriverLicense{id='3', licenseNumber='xd3FH323421', dateOfBirth=1989-12-23, expirationDate=2123-05-01}, vehicle=Vehicle{id='1', model='Ford F150', licensePlate='94ghy6'}, rides=[Ride{id=2, pickUpLocations=' 323 Pineapple st, San Francisco', dropOffLocation='321 orange, Fresno', status=' DONE ', rideType=RideType{id=2, type='luxury', costPerMile=0.9}, reviews=[]}]}
20:10:23.068 INFO  com.solvd.taxiservice.Main.main() @30             - User{id=2, email='asdfa@gmail.com', profile=Profile{id='2', name='Fredy', phoneNumber='(222)222-2222'}, driverLicense=DriverLicense{id='2', licenseNumber='Q678dede4', dateOfBirth=1889-12-23, expirationDate=2024-05-01}, vehicle=Vehicle{id='1', model='Ford F150', licensePlate='94ghy6'}, rides=[Ride{id=1, pickUpLocations=' 123 apple st, San Francisco', dropOffLocation='321 orange, Fresno', status=' DONE ', rideType=RideType{id=1, type='standard', costPerMile=0.5}, reviews=[Review{id=1, rating=4, comment=' good ride'}, Review{id=2, rating=4, comment=' greate ride'}]}]}
20:10:23.084 INFO  com.solvd.taxiservice.db.model.DriverLicense.createDL() @135             - License created successfully.
20:10:23.088 INFO  com.solvd.taxiservice.db.model.Vehicle.createVehicle() @130             - Vehicle created successfully.
20:10:23.092 INFO  com.solvd.taxiservice.db.model.Profile.createProfile() @147             - Profile created successfully.
20:10:23.095 INFO  com.solvd.taxiservice.db.model.User.executeQuery() @31             - 1 row affected in User table.
20:12:38.675 INFO  com.solvd.taxiservice.Main.main() @26             - User{id=3, email='jjjj@gmail.com', profile=Profile{id='3', name='Juanito', phoneNumber='(432)123-1234'}, driverLicense=DriverLicense{id='3', licenseNumber='xd3FH323421', dateOfBirth=1989-12-23, expirationDate=2123-05-01}, vehicle=Vehicle{id='1', model='Ford F150', licensePlate='94ghy6'}, rides=[Ride{id=2, pickUpLocations=' 323 Pineapple st, San Francisco', dropOffLocation='321 orange, Fresno', status=' DONE ', rideType=RideType{id=2, type='luxury', costPerMile=0.9}, reviews=[]}]}
20:12:38.694 INFO  com.solvd.taxiservice.Main.main() @30             - User{id=2, email='asdfa@gmail.com', profile=Profile{id='2', name='Fredy', phoneNumber='(222)222-2222'}, driverLicense=DriverLicense{id='2', licenseNumber='Q678dede4', dateOfBirth=1889-12-23, expirationDate=2024-05-01}, vehicle=Vehicle{id='1', model='Ford F150', licensePlate='94ghy6'}, rides=[Ride{id=1, pickUpLocations=' 123 apple st, San Francisco', dropOffLocation='321 orange, Fresno', status=' DONE ', rideType=RideType{id=1, type='standard', costPerMile=0.5}, reviews=[Review{id=1, rating=4, comment=' good ride'}, Review{id=2, rating=4, comment=' greate ride'}]}]}
20:15:35.788 INFO  com.solvd.taxiservice.db.model.User.executeQuery() @31             - 1 row affected in User table.
20:16:04.830 INFO  com.solvd.taxiservice.db.model.DriverLicense.createDL() @135             - License created successfully.
20:16:04.848 INFO  com.solvd.taxiservice.db.model.Vehicle.createVehicle() @130             - Vehicle created successfully.
20:16:04.852 INFO  com.solvd.taxiservice.db.model.Profile.createProfile() @147             - Profile created successfully.
20:16:04.856 INFO  com.solvd.taxiservice.db.model.User.executeQuery() @31             - 1 row affected in User table.
20:18:23.415 INFO  com.solvd.taxiservice.db.model.User.executeQuery() @33             - No rows affected in User table
20:18:55.052 INFO  com.solvd.taxiservice.db.model.User.executeQuery() @31             - 1 row affected in User table.
20:20:42.331 INFO  com.solvd.taxiservice.db.model.DriverLicense.createDL() @135             - License created successfully.
20:20:42.358 INFO  com.solvd.taxiservice.db.model.Vehicle.createVehicle() @130             - Vehicle created successfully.
20:20:42.365 INFO  com.solvd.taxiservice.db.model.Profile.createProfile() @147             - Profile created successfully.
20:20:42.369 INFO  com.solvd.taxiservice.db.model.User.executeQuery() @31             - 1 row affected in User table.
20:21:07.113 INFO  com.solvd.taxiservice.db.model.User.executeQuery() @31             - 1 row affected in User table.
20:24:47.583 INFO  com.solvd.taxiservice.db.model.DriverLicense.createDL() @135             - License created successfully.
20:24:47.603 INFO  com.solvd.taxiservice.db.model.Vehicle.createVehicle() @130             - Vehicle created successfully.
20:24:47.607 INFO  com.solvd.taxiservice.db.model.Profile.createProfile() @147             - Profile created successfully.
20:24:47.612 INFO  com.solvd.taxiservice.db.model.User.executeQuery() @31             - 1 row affected in User table.
20:25:12.707 INFO  com.solvd.taxiservice.db.model.Vehicle.executeQuery() @29             - 1 row affected in Vehicle table.
20:38:16.880 INFO  com.solvd.taxiservice.db.model.DriverLicense.createDL() @135             - License created successfully.
20:38:16.902 INFO  com.solvd.taxiservice.db.model.Vehicle.createVehicle() @130             - Vehicle created successfully.
20:38:16.907 INFO  com.solvd.taxiservice.db.model.Profile.createProfile() @147             - Profile created successfully.
20:38:16.911 INFO  com.solvd.taxiservice.db.model.User.executeQuery() @31             - 1 row affected in User table.
20:39:37.632 ERROR com.solvd.taxiservice.db.model.Vehicle.executeQuery() @35             - java.sql.SQLIntegrityConstraintViolationException: Cannot delete or update a parent row: a foreign key constraint fails (`solvd_taxi_service`.`users`, CONSTRAINT `fk_User_Vehicle1` FOREIGN KEY (`vehicle_id`) REFERENCES `vehicles` (`id`) ON DELETE RESTRICT ON UPDATE CASCADE)
20:41:00.010 INFO  com.solvd.taxiservice.db.model.User.executeQuery() @31             - 1 row affected in User table.
20:42:24.846 INFO  com.solvd.taxiservice.db.model.DriverLicense.createDL() @135             - License created successfully.
20:42:24.869 INFO  com.solvd.taxiservice.db.model.Vehicle.createVehicle() @130             - Vehicle created successfully.
20:42:24.874 INFO  com.solvd.taxiservice.db.model.Profile.createProfile() @147             - Profile created successfully.
20:42:24.879 INFO  com.solvd.taxiservice.db.model.User.executeQuery() @31             - 1 row affected in User table.
20:43:15.621 ERROR com.solvd.taxiservice.db.model.DriverLicense.executeQuery() @37             - java.sql.SQLIntegrityConstraintViolationException: Cannot delete or update a parent row: a foreign key constraint fails (`solvd_taxi_service`.`users`, CONSTRAINT `fk_User_Driver_License1` FOREIGN KEY (`driver_license_id`) REFERENCES `driver_licenses` (`id`) ON DELETE RESTRICT ON UPDATE CASCADE)
20:43:15.632 ERROR com.solvd.taxiservice.db.model.Vehicle.executeQuery() @35             - java.sql.SQLIntegrityConstraintViolationException: Cannot delete or update a parent row: a foreign key constraint fails (`solvd_taxi_service`.`users`, CONSTRAINT `fk_User_Vehicle1` FOREIGN KEY (`vehicle_id`) REFERENCES `vehicles` (`id`) ON DELETE RESTRICT ON UPDATE CASCADE)
20:43:15.635 ERROR com.solvd.taxiservice.db.model.Profile.executeQuery() @36             - java.sql.SQLIntegrityConstraintViolationException: Cannot delete or update a parent row: a foreign key constraint fails (`solvd_taxi_service`.`users`, CONSTRAINT `fk_User_profile1` FOREIGN KEY (`profile_id`) REFERENCES `profiles` (`id`) ON DELETE RESTRICT ON UPDATE CASCADE)
20:43:15.643 INFO  com.solvd.taxiservice.db.model.User.executeQuery() @31             - 1 row affected in User table.
20:44:16.594 INFO  com.solvd.taxiservice.db.model.DriverLicense.createDL() @135             - License created successfully.
20:44:16.611 INFO  com.solvd.taxiservice.db.model.Vehicle.createVehicle() @130             - Vehicle created successfully.
20:44:16.611 INFO  com.solvd.taxiservice.db.model.Profile.createProfile() @147             - Profile created successfully.
20:44:16.622 INFO  com.solvd.taxiservice.db.model.User.executeQuery() @31             - 1 row affected in User table.
20:45:11.138 INFO  com.solvd.taxiservice.db.model.User.executeQuery() @33             - No rows affected in User table
20:45:11.144 INFO  com.solvd.taxiservice.db.model.DriverLicense.executeQuery() @33             - No rows affected in Driver Licenses table
20:45:11.154 INFO  com.solvd.taxiservice.db.model.Vehicle.executeQuery() @31             - No rows affected in Vehicle table
20:45:11.155 INFO  com.solvd.taxiservice.db.model.Profile.executeQuery() @32             - No rows affected in Profiles table
20:46:05.877 INFO  com.solvd.taxiservice.db.model.User.executeQuery() @31             - 1 row affected in User table.
20:46:05.887 INFO  com.solvd.taxiservice.db.model.DriverLicense.executeQuery() @31             - 1 row affected in Driver License table.
20:46:05.891 INFO  com.solvd.taxiservice.db.model.Vehicle.executeQuery() @29             - 1 row affected in Vehicle table.
20:46:05.894 INFO  com.solvd.taxiservice.db.model.Profile.executeQuery() @30             - 1 row affected in Profile table.
21:17:51.353 INFO  com.solvd.taxiservice.db.model.User.executeQuery() @31             - 5 row affected in User table.
21:19:29.613 INFO  com.solvd.taxiservice.db.model.User.executeQuery() @31             - 1 row affected in User table.
21:20:01.408 INFO  com.solvd.taxiservice.db.model.User.executeQuery() @31             - 1 row affected in User table.
